<?xml version="1.0" encoding="UTF-8" standalone="no"?><!DOCTYPE report PUBLIC "-//JACOCO//DTD Report 1.1//EN" "report.dtd"><report name="Pester (04/22/2020 20:10:28)"><sessioninfo id="this" start="1587586145019" dump="1587586228539" /><package name="NordVPN-Servers"><class name="NordVPN-Servers/NordVPN-Servers.Classes" sourcefilename="NordVPN-Servers.Classes.ps1"><method name="NordVPNCountry" desc="()" line="26"><counter type="INSTRUCTION" missed="0" covered="9" /><counter type="LINE" missed="0" covered="9" /><counter type="METHOD" missed="0" covered="1" /></method><method name="Clone" desc="()" line="55"><counter type="INSTRUCTION" missed="0" covered="137" /><counter type="LINE" missed="0" covered="112" /><counter type="METHOD" missed="0" covered="1" /></method><method name="NordVPNGroup" desc="()" line="98"><counter type="INSTRUCTION" missed="0" covered="11" /><counter type="LINE" missed="0" covered="11" /><counter type="METHOD" missed="0" covered="1" /></method><method name="NordVPNTechnology" desc="()" line="144"><counter type="INSTRUCTION" missed="0" covered="11" /><counter type="LINE" missed="0" covered="11" /><counter type="METHOD" missed="0" covered="1" /></method><method name="NordVPNCity" desc="()" line="196"><counter type="INSTRUCTION" missed="0" covered="7" /><counter type="LINE" missed="0" covered="7" /><counter type="METHOD" missed="0" covered="1" /></method><method name="NordVPNService" desc="()" line="223"><counter type="INSTRUCTION" missed="0" covered="5" /><counter type="LINE" missed="0" covered="5" /><counter type="METHOD" missed="0" covered="1" /></method><method name="NordVPNIPAddress" desc="()" line="255"><counter type="INSTRUCTION" missed="0" covered="6" /><counter type="LINE" missed="0" covered="6" /><counter type="METHOD" missed="0" covered="1" /></method><method name="NordVPNValue" desc="()" line="280"><counter type="INSTRUCTION" missed="0" covered="2" /><counter type="LINE" missed="0" covered="2" /><counter type="METHOD" missed="0" covered="1" /></method><method name="NordVPNSpecification" desc="()" line="302"><counter type="INSTRUCTION" missed="0" covered="6" /><counter type="LINE" missed="0" covered="6" /><counter type="METHOD" missed="0" covered="1" /></method><method name="NordVPNLocation" desc="()" line="353"><counter type="INSTRUCTION" missed="0" covered="7" /><counter type="LINE" missed="0" covered="7" /><counter type="METHOD" missed="0" covered="1" /></method><method name="NordVPNServer" desc="()" line="407"><counter type="INSTRUCTION" missed="0" covered="19" /><counter type="LINE" missed="0" covered="19" /><counter type="METHOD" missed="0" covered="1" /></method><method name="Add" desc="()" line="452"><counter type="INSTRUCTION" missed="0" covered="30" /><counter type="LINE" missed="0" covered="20" /><counter type="METHOD" missed="0" covered="1" /></method><counter type="INSTRUCTION" missed="0" covered="250" /><counter type="LINE" missed="0" covered="215" /><counter type="METHOD" missed="0" covered="12" /><counter type="CLASS" missed="0" covered="1" /></class><class name="NordVPN-Servers/NordVPN-Servers" sourcefilename="NordVPN-Servers.psm1"><method name="&lt;script&gt;" desc="()" line="3"><counter type="INSTRUCTION" missed="0" covered="43" /><counter type="LINE" missed="0" covered="32" /><counter type="METHOD" missed="0" covered="1" /></method><method name="LoadSettings" desc="()" line="50"><counter type="INSTRUCTION" missed="0" covered="18" /><counter type="LINE" missed="0" covered="14" /><counter type="METHOD" missed="0" covered="1" /></method><method name="Set-ModuleSetting" desc="()" line="89"><counter type="INSTRUCTION" missed="0" covered="43" /><counter type="LINE" missed="0" covered="37" /><counter type="METHOD" missed="0" covered="1" /></method><method name="Get-ModuleSetting" desc="()" line="163"><counter type="INSTRUCTION" missed="0" covered="10" /><counter type="LINE" missed="0" covered="9" /><counter type="METHOD" missed="0" covered="1" /></method><method name="Reset-Module" desc="()" line="194"><counter type="INSTRUCTION" missed="0" covered="12" /><counter type="LINE" missed="0" covered="10" /><counter type="METHOD" missed="0" covered="1" /></method><method name="Get-ModuleSettingNameDynamicParam" desc="()" line="228"><counter type="INSTRUCTION" missed="0" covered="18" /><counter type="LINE" missed="0" covered="17" /><counter type="METHOD" missed="0" covered="1" /></method><method name="Get-CountryDynamicParam" desc="()" line="268"><counter type="INSTRUCTION" missed="0" covered="28" /><counter type="LINE" missed="0" covered="24" /><counter type="METHOD" missed="0" covered="1" /></method><method name="Get-GroupDynamicParam" desc="()" line="323"><counter type="INSTRUCTION" missed="0" covered="28" /><counter type="LINE" missed="0" covered="24" /><counter type="METHOD" missed="0" covered="1" /></method><method name="Get-TechnologyDynamicParam" desc="()" line="378"><counter type="INSTRUCTION" missed="0" covered="28" /><counter type="LINE" missed="0" covered="24" /><counter type="METHOD" missed="0" covered="1" /></method><method name="Clear-CountryCache" desc="()" line="428"><counter type="INSTRUCTION" missed="0" covered="4" /><counter type="LINE" missed="0" covered="4" /><counter type="METHOD" missed="0" covered="1" /></method><method name="Clear-GroupCache" desc="()" line="441"><counter type="INSTRUCTION" missed="0" covered="4" /><counter type="LINE" missed="0" covered="4" /><counter type="METHOD" missed="0" covered="1" /></method><method name="Clear-TechnologyCache" desc="()" line="454"><counter type="INSTRUCTION" missed="0" covered="4" /><counter type="LINE" missed="0" covered="4" /><counter type="METHOD" missed="0" covered="1" /></method><method name="Clear-Cache" desc="()" line="467"><counter type="INSTRUCTION" missed="0" covered="4" /><counter type="LINE" missed="0" covered="4" /><counter type="METHOD" missed="0" covered="1" /></method><method name="Get-List" desc="()" line="488"><counter type="INSTRUCTION" missed="0" covered="19" /><counter type="LINE" missed="0" covered="16" /><counter type="METHOD" missed="0" covered="1" /></method><method name="ConvertFrom-ServerEntry" desc="()" line="526"><counter type="INSTRUCTION" missed="0" covered="57" /><counter type="LINE" missed="0" covered="49" /><counter type="METHOD" missed="0" covered="1" /></method><method name="Get-CountryList" desc="()" line="707"><counter type="INSTRUCTION" missed="0" covered="52" /><counter type="LINE" missed="0" covered="42" /><counter type="METHOD" missed="0" covered="1" /></method><method name="Get-GroupList" desc="()" line="789"><counter type="INSTRUCTION" missed="0" covered="51" /><counter type="LINE" missed="0" covered="41" /><counter type="METHOD" missed="0" covered="1" /></method><method name="Get-TechnologyList" desc="()" line="873"><counter type="INSTRUCTION" missed="0" covered="51" /><counter type="LINE" missed="0" covered="41" /><counter type="METHOD" missed="0" covered="1" /></method><method name="Get-CityList" desc="()" line="951"><counter type="INSTRUCTION" missed="0" covered="21" /><counter type="LINE" missed="0" covered="16" /><counter type="METHOD" missed="0" covered="1" /></method><method name="Get-RecommendedList" desc="()" line="1007"><counter type="INSTRUCTION" missed="0" covered="52" /><counter type="LINE" missed="0" covered="32" /><counter type="METHOD" missed="0" covered="1" /></method><method name="Get-ServerList" desc="()" line="1089"><counter type="INSTRUCTION" missed="0" covered="52" /><counter type="LINE" missed="0" covered="38" /><counter type="METHOD" missed="0" covered="1" /></method><counter type="INSTRUCTION" missed="0" covered="599" /><counter type="LINE" missed="0" covered="482" /><counter type="METHOD" missed="0" covered="21" /><counter type="CLASS" missed="0" covered="1" /></class><sourcefile name="NordVPN-Servers.Classes.ps1"><line nr="26" mi="0" ci="1" mb="0" cb="0" /><line nr="27" mi="0" ci="1" mb="0" cb="0" /><line nr="28" mi="0" ci="1" mb="0" cb="0" /><line nr="29" mi="0" ci="1" mb="0" cb="0" /><line nr="30" mi="0" ci="1" mb="0" cb="0" /><line nr="31" mi="0" ci="1" mb="0" cb="0" /><line nr="49" mi="0" ci="1" mb="0" cb="0" /><line nr="50" mi="0" ci="1" mb="0" cb="0" /><line nr="51" mi="0" ci="1" mb="0" cb="0" /><line nr="55" mi="0" ci="1" mb="0" cb="0" /><line nr="56" mi="0" ci="1" mb="0" cb="0" /><line nr="57" mi="0" ci="1" mb="0" cb="0" /><line nr="59" mi="0" ci="1" mb="0" cb="0" /><line nr="60" mi="0" ci="1" mb="0" cb="0" /><line nr="61" mi="0" ci="1" mb="0" cb="0" /><line nr="75" mi="0" ci="3" mb="0" cb="0" /><line nr="78" mi="0" ci="1" mb="0" cb="0" /><line nr="98" mi="0" ci="1" mb="0" cb="0" /><line nr="99" mi="0" ci="1" mb="0" cb="0" /><line nr="100" mi="0" ci="1" mb="0" cb="0" /><line nr="101" mi="0" ci="1" mb="0" cb="0" /><line nr="102" mi="0" ci="1" mb="0" cb="0" /><line nr="103" mi="0" ci="1" mb="0" cb="0" /><line nr="104" mi="0" ci="1" mb="0" cb="0" /><line nr="105" mi="0" ci="1" mb="0" cb="0" /><line nr="106" mi="0" ci="1" mb="0" cb="0" /><line nr="107" mi="0" ci="1" mb="0" cb="0" /><line nr="108" mi="0" ci="1" mb="0" cb="0" /><line nr="112" mi="0" ci="1" mb="0" cb="0" /><line nr="113" mi="0" ci="1" mb="0" cb="0" /><line nr="114" mi="0" ci="2" mb="0" cb="0" /><line nr="115" mi="0" ci="1" mb="0" cb="0" /><line nr="117" mi="0" ci="1" mb="0" cb="0" /><line nr="118" mi="0" ci="2" mb="0" cb="0" /><line nr="119" mi="0" ci="3" mb="0" cb="0" /><line nr="124" mi="0" ci="3" mb="0" cb="0" /><line nr="129" mi="0" ci="1" mb="0" cb="0" /><line nr="144" mi="0" ci="1" mb="0" cb="0" /><line nr="145" mi="0" ci="1" mb="0" cb="0" /><line nr="146" mi="0" ci="1" mb="0" cb="0" /><line nr="147" mi="0" ci="1" mb="0" cb="0" /><line nr="148" mi="0" ci="1" mb="0" cb="0" /><line nr="149" mi="0" ci="1" mb="0" cb="0" /><line nr="158" mi="0" ci="1" mb="0" cb="0" /><line nr="159" mi="0" ci="1" mb="0" cb="0" /><line nr="160" mi="0" ci="1" mb="0" cb="0" /><line nr="161" mi="0" ci="1" mb="0" cb="0" /><line nr="162" mi="0" ci="1" mb="0" cb="0" /><line nr="166" mi="0" ci="1" mb="0" cb="0" /><line nr="167" mi="0" ci="1" mb="0" cb="0" /><line nr="168" mi="0" ci="1" mb="0" cb="0" /><line nr="170" mi="0" ci="1" mb="0" cb="0" /><line nr="171" mi="0" ci="1" mb="0" cb="0" /><line nr="174" mi="0" ci="3" mb="0" cb="0" /><line nr="177" mi="0" ci="1" mb="0" cb="0" /><line nr="196" mi="0" ci="1" mb="0" cb="0" /><line nr="197" mi="0" ci="1" mb="0" cb="0" /><line nr="198" mi="0" ci="1" mb="0" cb="0" /><line nr="199" mi="0" ci="1" mb="0" cb="0" /><line nr="200" mi="0" ci="1" mb="0" cb="0" /><line nr="201" mi="0" ci="1" mb="0" cb="0" /><line nr="202" mi="0" ci="1" mb="0" cb="0" /><line nr="206" mi="0" ci="1" mb="0" cb="0" /><line nr="207" mi="0" ci="1" mb="0" cb="0" /><line nr="208" mi="0" ci="3" mb="0" cb="0" /><line nr="210" mi="0" ci="1" mb="0" cb="0" /><line nr="223" mi="0" ci="1" mb="0" cb="0" /><line nr="224" mi="0" ci="1" mb="0" cb="0" /><line nr="225" mi="0" ci="1" mb="0" cb="0" /><line nr="226" mi="0" ci="1" mb="0" cb="0" /><line nr="227" mi="0" ci="1" mb="0" cb="0" /><line nr="231" mi="0" ci="1" mb="0" cb="0" /><line nr="232" mi="0" ci="1" mb="0" cb="0" /><line nr="233" mi="0" ci="3" mb="0" cb="0" /><line nr="235" mi="0" ci="1" mb="0" cb="0" /><line nr="255" mi="0" ci="1" mb="0" cb="0" /><line nr="256" mi="0" ci="1" mb="0" cb="0" /><line nr="257" mi="0" ci="1" mb="0" cb="0" /><line nr="258" mi="0" ci="1" mb="0" cb="0" /><line nr="259" mi="0" ci="1" mb="0" cb="0" /><line nr="260" mi="0" ci="1" mb="0" cb="0" /><line nr="264" mi="0" ci="1" mb="0" cb="0" /><line nr="265" mi="0" ci="1" mb="0" cb="0" /><line nr="266" mi="0" ci="3" mb="0" cb="0" /><line nr="268" mi="0" ci="1" mb="0" cb="0" /><line nr="280" mi="0" ci="1" mb="0" cb="0" /><line nr="281" mi="0" ci="1" mb="0" cb="0" /><line nr="285" mi="0" ci="1" mb="0" cb="0" /><line nr="286" mi="0" ci="1" mb="0" cb="0" /><line nr="287" mi="0" ci="3" mb="0" cb="0" /><line nr="289" mi="0" ci="1" mb="0" cb="0" /><line nr="302" mi="0" ci="1" mb="0" cb="0" /><line nr="303" mi="0" ci="1" mb="0" cb="0" /><line nr="304" mi="0" ci="1" mb="0" cb="0" /><line nr="305" mi="0" ci="1" mb="0" cb="0" /><line nr="306" mi="0" ci="1" mb="0" cb="0" /><line nr="307" mi="0" ci="1" mb="0" cb="0" /><line nr="312" mi="0" ci="1" mb="0" cb="0" /><line nr="313" mi="0" ci="1" mb="0" cb="0" /><line nr="314" mi="0" ci="1" mb="0" cb="0" /><line nr="316" mi="0" ci="1" mb="0" cb="0" /><line nr="317" mi="0" ci="1" mb="0" cb="0" /><line nr="318" mi="0" ci="1" mb="0" cb="0" /><line nr="327" mi="0" ci="3" mb="0" cb="0" /><line nr="330" mi="0" ci="1" mb="0" cb="0" /><line nr="353" mi="0" ci="1" mb="0" cb="0" /><line nr="354" mi="0" ci="1" mb="0" cb="0" /><line nr="355" mi="0" ci="1" mb="0" cb="0" /><line nr="356" mi="0" ci="1" mb="0" cb="0" /><line nr="357" mi="0" ci="1" mb="0" cb="0" /><line nr="358" mi="0" ci="1" mb="0" cb="0" /><line nr="359" mi="0" ci="1" mb="0" cb="0" /><line nr="363" mi="0" ci="1" mb="0" cb="0" /><line nr="364" mi="0" ci="1" mb="0" cb="0" /><line nr="365" mi="0" ci="3" mb="0" cb="0" /><line nr="367" mi="0" ci="1" mb="0" cb="0" /><line nr="407" mi="0" ci="1" mb="0" cb="0" /><line nr="408" mi="0" ci="1" mb="0" cb="0" /><line nr="409" mi="0" ci="1" mb="0" cb="0" /><line nr="410" mi="0" ci="1" mb="0" cb="0" /><line nr="411" mi="0" ci="1" mb="0" cb="0" /><line nr="412" mi="0" ci="1" mb="0" cb="0" /><line nr="413" mi="0" ci="1" mb="0" cb="0" /><line nr="414" mi="0" ci="1" mb="0" cb="0" /><line nr="415" mi="0" ci="1" mb="0" cb="0" /><line nr="416" mi="0" ci="1" mb="0" cb="0" /><line nr="417" mi="0" ci="1" mb="0" cb="0" /><line nr="418" mi="0" ci="1" mb="0" cb="0" /><line nr="419" mi="0" ci="1" mb="0" cb="0" /><line nr="420" mi="0" ci="1" mb="0" cb="0" /><line nr="421" mi="0" ci="1" mb="0" cb="0" /><line nr="422" mi="0" ci="1" mb="0" cb="0" /><line nr="423" mi="0" ci="1" mb="0" cb="0" /><line nr="424" mi="0" ci="1" mb="0" cb="0" /><line nr="425" mi="0" ci="1" mb="0" cb="0" /><line nr="429" mi="0" ci="1" mb="0" cb="0" /><line nr="430" mi="0" ci="1" mb="0" cb="0" /><line nr="431" mi="0" ci="1" mb="0" cb="0" /><line nr="432" mi="0" ci="1" mb="0" cb="0" /><line nr="433" mi="0" ci="1" mb="0" cb="0" /><line nr="434" mi="0" ci="1" mb="0" cb="0" /><line nr="435" mi="0" ci="1" mb="0" cb="0" /><line nr="436" mi="0" ci="1" mb="0" cb="0" /><line nr="437" mi="0" ci="1" mb="0" cb="0" /><line nr="438" mi="0" ci="1" mb="0" cb="0" /><line nr="439" mi="0" ci="1" mb="0" cb="0" /><line nr="440" mi="0" ci="3" mb="0" cb="0" /><line nr="443" mi="0" ci="1" mb="0" cb="0" /><line nr="452" mi="0" ci="1" mb="0" cb="0" /><line nr="453" mi="0" ci="2" mb="0" cb="0" /><line nr="457" mi="0" ci="1" mb="0" cb="0" /><line nr="458" mi="0" ci="1" mb="0" cb="0" /><line nr="459" mi="0" ci="1" mb="0" cb="0" /><line nr="461" mi="0" ci="1" mb="0" cb="0" /><line nr="468" mi="0" ci="1" mb="0" cb="0" /><line nr="469" mi="0" ci="2" mb="0" cb="0" /><line nr="473" mi="0" ci="1" mb="0" cb="0" /><line nr="474" mi="0" ci="1" mb="0" cb="0" /><line nr="475" mi="0" ci="1" mb="0" cb="0" /><line nr="477" mi="0" ci="1" mb="0" cb="0" /><line nr="484" mi="0" ci="1" mb="0" cb="0" /><line nr="485" mi="0" ci="2" mb="0" cb="0" /><line nr="489" mi="0" ci="1" mb="0" cb="0" /><line nr="490" mi="0" ci="1" mb="0" cb="0" /><line nr="491" mi="0" ci="1" mb="0" cb="0" /><line nr="493" mi="0" ci="1" mb="0" cb="0" /><line nr="500" mi="0" ci="1" mb="0" cb="0" /><line nr="501" mi="0" ci="2" mb="0" cb="0" /><line nr="505" mi="0" ci="1" mb="0" cb="0" /><line nr="506" mi="0" ci="1" mb="0" cb="0" /><line nr="507" mi="0" ci="1" mb="0" cb="0" /><line nr="509" mi="0" ci="1" mb="0" cb="0" /><line nr="516" mi="0" ci="1" mb="0" cb="0" /><line nr="517" mi="0" ci="2" mb="0" cb="0" /><line nr="521" mi="0" ci="1" mb="0" cb="0" /><line nr="522" mi="0" ci="1" mb="0" cb="0" /><line nr="523" mi="0" ci="1" mb="0" cb="0" /><line nr="525" mi="0" ci="1" mb="0" cb="0" /><line nr="532" mi="0" ci="1" mb="0" cb="0" /><line nr="533" mi="0" ci="2" mb="0" cb="0" /><line nr="537" mi="0" ci="1" mb="0" cb="0" /><line nr="538" mi="0" ci="1" mb="0" cb="0" /><line nr="539" mi="0" ci="1" mb="0" cb="0" /><line nr="541" mi="0" ci="1" mb="0" cb="0" /><line nr="548" mi="0" ci="1" mb="0" cb="0" /><line nr="549" mi="0" ci="2" mb="0" cb="0" /><line nr="553" mi="0" ci="1" mb="0" cb="0" /><line nr="554" mi="0" ci="1" mb="0" cb="0" /><line nr="555" mi="0" ci="1" mb="0" cb="0" /><line nr="557" mi="0" ci="1" mb="0" cb="0" /><line nr="564" mi="0" ci="1" mb="0" cb="0" /><line nr="565" mi="0" ci="2" mb="0" cb="0" /><line nr="569" mi="0" ci="1" mb="0" cb="0" /><line nr="570" mi="0" ci="1" mb="0" cb="0" /><line nr="571" mi="0" ci="1" mb="0" cb="0" /><line nr="573" mi="0" ci="1" mb="0" cb="0" /><line nr="580" mi="0" ci="1" mb="0" cb="0" /><line nr="581" mi="0" ci="2" mb="0" cb="0" /><line nr="585" mi="0" ci="1" mb="0" cb="0" /><line nr="586" mi="0" ci="1" mb="0" cb="0" /><line nr="587" mi="0" ci="1" mb="0" cb="0" /><line nr="589" mi="0" ci="1" mb="0" cb="0" /><line nr="596" mi="0" ci="1" mb="0" cb="0" /><line nr="597" mi="0" ci="2" mb="0" cb="0" /><line nr="601" mi="0" ci="1" mb="0" cb="0" /><line nr="602" mi="0" ci="1" mb="0" cb="0" /><line nr="603" mi="0" ci="1" mb="0" cb="0" /><line nr="604" mi="0" ci="1" mb="0" cb="0" /><line nr="605" mi="0" ci="1" mb="0" cb="0" /><line nr="606" mi="0" ci="2" mb="0" cb="0" /><line nr="607" mi="0" ci="1" mb="0" cb="0" /><line nr="610" mi="0" ci="1" mb="0" cb="0" /><line nr="611" mi="0" ci="1" mb="0" cb="0" /><line nr="613" mi="0" ci="1" mb="0" cb="0" /><line nr="614" mi="0" ci="1" mb="0" cb="0" /><counter type="INSTRUCTION" missed="0" covered="250" /><counter type="LINE" missed="0" covered="215" /><counter type="METHOD" missed="0" covered="12" /><counter type="CLASS" missed="0" covered="1" /></sourcefile><sourcefile name="NordVPN-Servers.psm1"><line nr="3" mi="0" ci="1" mb="0" cb="0" /><line nr="4" mi="0" ci="1" mb="0" cb="0" /><line nr="5" mi="0" ci="1" mb="0" cb="0" /><line nr="6" mi="0" ci="1" mb="0" cb="0" /><line nr="7" mi="0" ci="1" mb="0" cb="0" /><line nr="9" mi="0" ci="2" mb="0" cb="0" /><line nr="10" mi="0" ci="2" mb="0" cb="0" /><line nr="11" mi="0" ci="2" mb="0" cb="0" /><line nr="12" mi="0" ci="2" mb="0" cb="0" /><line nr="13" mi="0" ci="2" mb="0" cb="0" /><line nr="14" mi="0" ci="2" mb="0" cb="0" /><line nr="15" mi="0" ci="1" mb="0" cb="0" /><line nr="16" mi="0" ci="1" mb="0" cb="0" /><line nr="17" mi="0" ci="1" mb="0" cb="0" /><line nr="18" mi="0" ci="2" mb="0" cb="0" /><line nr="19" mi="0" ci="2" mb="0" cb="0" /><line nr="20" mi="0" ci="2" mb="0" cb="0" /><line nr="21" mi="0" ci="2" mb="0" cb="0" /><line nr="22" mi="0" ci="2" mb="0" cb="0" /><line nr="24" mi="0" ci="1" mb="0" cb="0" /><line nr="25" mi="0" ci="1" mb="0" cb="0" /><line nr="30" mi="0" ci="1" mb="0" cb="0" /><line nr="31" mi="0" ci="1" mb="0" cb="0" /><line nr="35" mi="0" ci="1" mb="0" cb="0" /><line nr="36" mi="0" ci="1" mb="0" cb="0" /><line nr="42" mi="0" ci="1" mb="0" cb="0" /><line nr="43" mi="0" ci="1" mb="0" cb="0" /><line nr="44" mi="0" ci="1" mb="0" cb="0" /><line nr="45" mi="0" ci="1" mb="0" cb="0" /><line nr="46" mi="0" ci="1" mb="0" cb="0" /><line nr="47" mi="0" ci="1" mb="0" cb="0" /><line nr="50" mi="0" ci="1" mb="0" cb="0" /><line nr="51" mi="0" ci="2" mb="0" cb="0" /><line nr="52" mi="0" ci="1" mb="0" cb="0" /><line nr="53" mi="0" ci="1" mb="0" cb="0" /><line nr="54" mi="0" ci="1" mb="0" cb="0" /><line nr="55" mi="0" ci="1" mb="0" cb="0" /><line nr="56" mi="0" ci="1" mb="0" cb="0" /><line nr="58" mi="0" ci="3" mb="0" cb="0" /><line nr="59" mi="0" ci="1" mb="0" cb="0" /><line nr="62" mi="0" ci="1" mb="0" cb="0" /><line nr="63" mi="0" ci="1" mb="0" cb="0" /><line nr="64" mi="0" ci="1" mb="0" cb="0" /><line nr="67" mi="0" ci="2" mb="0" cb="0" /><line nr="70" mi="0" ci="1" mb="0" cb="0" /><line nr="73" mi="0" ci="1" mb="0" cb="0" /><line nr="89" mi="0" ci="1" mb="0" cb="0" /><line nr="90" mi="0" ci="1" mb="0" cb="0" /><line nr="91" mi="0" ci="2" mb="0" cb="0" /><line nr="93" mi="0" ci="1" mb="0" cb="0" /><line nr="94" mi="0" ci="1" mb="0" cb="0" /><line nr="95" mi="0" ci="1" mb="0" cb="0" /><line nr="96" mi="0" ci="1" mb="0" cb="0" /><line nr="97" mi="0" ci="1" mb="0" cb="0" /><line nr="98" mi="0" ci="1" mb="0" cb="0" /><line nr="99" mi="0" ci="1" mb="0" cb="0" /><line nr="100" mi="0" ci="1" mb="0" cb="0" /><line nr="101" mi="0" ci="1" mb="0" cb="0" /><line nr="103" mi="0" ci="1" mb="0" cb="0" /><line nr="104" mi="0" ci="1" mb="0" cb="0" /><line nr="86" mi="0" ci="1" mb="0" cb="0" /><line nr="107" mi="0" ci="2" mb="0" cb="0" /><line nr="108" mi="0" ci="1" mb="0" cb="0" /><line nr="109" mi="0" ci="1" mb="0" cb="0" /><line nr="110" mi="0" ci="1" mb="0" cb="0" /><line nr="111" mi="0" ci="1" mb="0" cb="0" /><line nr="112" mi="0" ci="1" mb="0" cb="0" /><line nr="113" mi="0" ci="1" mb="0" cb="0" /><line nr="118" mi="0" ci="1" mb="0" cb="0" /><line nr="119" mi="0" ci="1" mb="0" cb="0" /><line nr="121" mi="0" ci="1" mb="0" cb="0" /><line nr="125" mi="0" ci="1" mb="0" cb="0" /><line nr="126" mi="0" ci="1" mb="0" cb="0" /><line nr="127" mi="0" ci="1" mb="0" cb="0" /><line nr="128" mi="0" ci="1" mb="0" cb="0" /><line nr="129" mi="0" ci="1" mb="0" cb="0" /><line nr="130" mi="0" ci="2" mb="0" cb="0" /><line nr="131" mi="0" ci="1" mb="0" cb="0" /><line nr="135" mi="0" ci="2" mb="0" cb="0" /><line nr="141" mi="0" ci="1" mb="0" cb="0" /><line nr="142" mi="0" ci="1" mb="0" cb="0" /><line nr="143" mi="0" ci="3" mb="0" cb="0" /><line nr="144" mi="0" ci="1" mb="0" cb="0" /><line nr="163" mi="0" ci="1" mb="0" cb="0" /><line nr="164" mi="0" ci="1" mb="0" cb="0" /><line nr="165" mi="0" ci="2" mb="0" cb="0" /><line nr="167" mi="0" ci="1" mb="0" cb="0" /><line nr="170" mi="0" ci="1" mb="0" cb="0" /><line nr="172" mi="0" ci="1" mb="0" cb="0" /><line nr="175" mi="0" ci="1" mb="0" cb="0" /><line nr="178" mi="0" ci="1" mb="0" cb="0" /><line nr="180" mi="0" ci="1" mb="0" cb="0" /><line nr="194" mi="0" ci="1" mb="0" cb="0" /><line nr="195" mi="0" ci="1" mb="0" cb="0" /><line nr="201" mi="0" ci="1" mb="0" cb="0" /><line nr="202" mi="0" ci="1" mb="0" cb="0" /><line nr="203" mi="0" ci="1" mb="0" cb="0" /><line nr="204" mi="0" ci="1" mb="0" cb="0" /><line nr="206" mi="0" ci="1" mb="0" cb="0" /><line nr="208" mi="0" ci="1" mb="0" cb="0" /><line nr="209" mi="0" ci="3" mb="0" cb="0" /><line nr="210" mi="0" ci="1" mb="0" cb="0" /><line nr="228" mi="0" ci="1" mb="0" cb="0" /><line nr="229" mi="0" ci="1" mb="0" cb="0" /><line nr="230" mi="0" ci="1" mb="0" cb="0" /><line nr="231" mi="0" ci="1" mb="0" cb="0" /><line nr="232" mi="0" ci="1" mb="0" cb="0" /><line nr="233" mi="0" ci="1" mb="0" cb="0" /><line nr="234" mi="0" ci="1" mb="0" cb="0" /><line nr="235" mi="0" ci="1" mb="0" cb="0" /><line nr="236" mi="0" ci="1" mb="0" cb="0" /><line nr="237" mi="0" ci="1" mb="0" cb="0" /><line nr="238" mi="0" ci="1" mb="0" cb="0" /><line nr="239" mi="0" ci="1" mb="0" cb="0" /><line nr="241" mi="0" ci="1" mb="0" cb="0" /><line nr="242" mi="0" ci="2" mb="0" cb="0" /><line nr="243" mi="0" ci="1" mb="0" cb="0" /><line nr="244" mi="0" ci="1" mb="0" cb="0" /><line nr="245" mi="0" ci="1" mb="0" cb="0" /><line nr="268" mi="0" ci="1" mb="0" cb="0" /><line nr="269" mi="0" ci="1" mb="0" cb="0" /><line nr="272" mi="0" ci="1" mb="0" cb="0" /><line nr="273" mi="0" ci="1" mb="0" cb="0" /><line nr="274" mi="0" ci="1" mb="0" cb="0" /><line nr="275" mi="0" ci="1" mb="0" cb="0" /><line nr="277" mi="0" ci="1" mb="0" cb="0" /><line nr="278" mi="0" ci="1" mb="0" cb="0" /><line nr="279" mi="0" ci="1" mb="0" cb="0" /><line nr="280" mi="0" ci="1" mb="0" cb="0" /><line nr="281" mi="0" ci="1" mb="0" cb="0" /><line nr="282" mi="0" ci="1" mb="0" cb="0" /><line nr="283" mi="0" ci="1" mb="0" cb="0" /><line nr="284" mi="0" ci="1" mb="0" cb="0" /><line nr="285" mi="0" ci="1" mb="0" cb="0" /><line nr="287" mi="0" ci="1" mb="0" cb="0" /><line nr="288" mi="0" ci="2" mb="0" cb="0" /><line nr="291" mi="0" ci="2" mb="0" cb="0" /><line nr="293" mi="0" ci="2" mb="0" cb="0" /><line nr="294" mi="0" ci="2" mb="0" cb="0" /><line nr="295" mi="0" ci="1" mb="0" cb="0" /><line nr="296" mi="0" ci="1" mb="0" cb="0" /><line nr="297" mi="0" ci="1" mb="0" cb="0" /><line nr="301" mi="0" ci="1" mb="0" cb="0" /><line nr="323" mi="0" ci="1" mb="0" cb="0" /><line nr="324" mi="0" ci="1" mb="0" cb="0" /><line nr="327" mi="0" ci="1" mb="0" cb="0" /><line nr="328" mi="0" ci="1" mb="0" cb="0" /><line nr="329" mi="0" ci="1" mb="0" cb="0" /><line nr="331" mi="0" ci="1" mb="0" cb="0" /><line nr="332" mi="0" ci="1" mb="0" cb="0" /><line nr="333" mi="0" ci="1" mb="0" cb="0" /><line nr="334" mi="0" ci="1" mb="0" cb="0" /><line nr="335" mi="0" ci="1" mb="0" cb="0" /><line nr="336" mi="0" ci="1" mb="0" cb="0" /><line nr="337" mi="0" ci="1" mb="0" cb="0" /><line nr="338" mi="0" ci="1" mb="0" cb="0" /><line nr="339" mi="0" ci="1" mb="0" cb="0" /><line nr="340" mi="0" ci="1" mb="0" cb="0" /><line nr="342" mi="0" ci="1" mb="0" cb="0" /><line nr="343" mi="0" ci="2" mb="0" cb="0" /><line nr="346" mi="0" ci="2" mb="0" cb="0" /><line nr="348" mi="0" ci="2" mb="0" cb="0" /><line nr="349" mi="0" ci="2" mb="0" cb="0" /><line nr="350" mi="0" ci="1" mb="0" cb="0" /><line nr="351" mi="0" ci="1" mb="0" cb="0" /><line nr="352" mi="0" ci="1" mb="0" cb="0" /><line nr="356" mi="0" ci="1" mb="0" cb="0" /><line nr="378" mi="0" ci="1" mb="0" cb="0" /><line nr="379" mi="0" ci="1" mb="0" cb="0" /><line nr="382" mi="0" ci="1" mb="0" cb="0" /><line nr="383" mi="0" ci="1" mb="0" cb="0" /><line nr="384" mi="0" ci="1" mb="0" cb="0" /><line nr="386" mi="0" ci="1" mb="0" cb="0" /><line nr="387" mi="0" ci="1" mb="0" cb="0" /><line nr="388" mi="0" ci="1" mb="0" cb="0" /><line nr="389" mi="0" ci="1" mb="0" cb="0" /><line nr="390" mi="0" ci="1" mb="0" cb="0" /><line nr="391" mi="0" ci="1" mb="0" cb="0" /><line nr="392" mi="0" ci="1" mb="0" cb="0" /><line nr="393" mi="0" ci="1" mb="0" cb="0" /><line nr="394" mi="0" ci="1" mb="0" cb="0" /><line nr="395" mi="0" ci="1" mb="0" cb="0" /><line nr="397" mi="0" ci="1" mb="0" cb="0" /><line nr="398" mi="0" ci="2" mb="0" cb="0" /><line nr="401" mi="0" ci="2" mb="0" cb="0" /><line nr="403" mi="0" ci="2" mb="0" cb="0" /><line nr="404" mi="0" ci="2" mb="0" cb="0" /><line nr="405" mi="0" ci="1" mb="0" cb="0" /><line nr="406" mi="0" ci="1" mb="0" cb="0" /><line nr="407" mi="0" ci="1" mb="0" cb="0" /><line nr="411" mi="0" ci="1" mb="0" cb="0" /><line nr="428" mi="0" ci="1" mb="0" cb="0" /><line nr="429" mi="0" ci="1" mb="0" cb="0" /><line nr="430" mi="0" ci="1" mb="0" cb="0" /><line nr="431" mi="0" ci="1" mb="0" cb="0" /><line nr="441" mi="0" ci="1" mb="0" cb="0" /><line nr="442" mi="0" ci="1" mb="0" cb="0" /><line nr="443" mi="0" ci="1" mb="0" cb="0" /><line nr="444" mi="0" ci="1" mb="0" cb="0" /><line nr="454" mi="0" ci="1" mb="0" cb="0" /><line nr="455" mi="0" ci="1" mb="0" cb="0" /><line nr="456" mi="0" ci="1" mb="0" cb="0" /><line nr="457" mi="0" ci="1" mb="0" cb="0" /><line nr="467" mi="0" ci="1" mb="0" cb="0" /><line nr="468" mi="0" ci="1" mb="0" cb="0" /><line nr="469" mi="0" ci="1" mb="0" cb="0" /><line nr="470" mi="0" ci="1" mb="0" cb="0" /><line nr="488" mi="0" ci="1" mb="0" cb="0" /><line nr="489" mi="0" ci="1" mb="0" cb="0" /><line nr="490" mi="0" ci="1" mb="0" cb="0" /><line nr="494" mi="0" ci="1" mb="0" cb="0" /><line nr="495" mi="0" ci="1" mb="0" cb="0" /><line nr="496" mi="0" ci="1" mb="0" cb="0" /><line nr="497" mi="0" ci="1" mb="0" cb="0" /><line nr="498" mi="0" ci="1" mb="0" cb="0" /><line nr="499" mi="0" ci="1" mb="0" cb="0" /><line nr="501" mi="0" ci="1" mb="0" cb="0" /><line nr="502" mi="0" ci="1" mb="0" cb="0" /><line nr="505" mi="0" ci="2" mb="0" cb="0" /><line nr="507" mi="0" ci="1" mb="0" cb="0" /><line nr="510" mi="0" ci="3" mb="0" cb="0" /><line nr="511" mi="0" ci="1" mb="0" cb="0" /><line nr="513" mi="0" ci="1" mb="0" cb="0" /><line nr="526" mi="0" ci="1" mb="0" cb="0" /><line nr="527" mi="0" ci="1" mb="0" cb="0" /><line nr="528" mi="0" ci="1" mb="0" cb="0" /><line nr="529" mi="0" ci="2" mb="0" cb="0" /><line nr="530" mi="0" ci="1" mb="0" cb="0" /><line nr="531" mi="0" ci="1" mb="0" cb="0" /><line nr="532" mi="0" ci="1" mb="0" cb="0" /><line nr="533" mi="0" ci="1" mb="0" cb="0" /><line nr="534" mi="0" ci="1" mb="0" cb="0" /><line nr="535" mi="0" ci="1" mb="0" cb="0" /><line nr="536" mi="0" ci="1" mb="0" cb="0" /><line nr="537" mi="0" ci="1" mb="0" cb="0" /><line nr="538" mi="0" ci="2" mb="0" cb="0" /><line nr="539" mi="0" ci="1" mb="0" cb="0" /><line nr="540" mi="0" ci="1" mb="0" cb="0" /><line nr="543" mi="0" ci="1" mb="0" cb="0" /><line nr="545" mi="0" ci="1" mb="0" cb="0" /><line nr="546" mi="0" ci="2" mb="0" cb="0" /><line nr="547" mi="0" ci="2" mb="0" cb="0" /><line nr="548" mi="0" ci="1" mb="0" cb="0" /><line nr="550" mi="0" ci="1" mb="0" cb="0" /><line nr="553" mi="0" ci="1" mb="0" cb="0" /><line nr="554" mi="0" ci="1" mb="0" cb="0" /><line nr="555" mi="0" ci="1" mb="0" cb="0" /><line nr="566" mi="0" ci="1" mb="0" cb="0" /><line nr="567" mi="0" ci="1" mb="0" cb="0" /><line nr="568" mi="0" ci="1" mb="0" cb="0" /><line nr="581" mi="0" ci="1" mb="0" cb="0" /><line nr="582" mi="0" ci="1" mb="0" cb="0" /><line nr="583" mi="0" ci="1" mb="0" cb="0" /><line nr="595" mi="0" ci="1" mb="0" cb="0" /><line nr="596" mi="0" ci="1" mb="0" cb="0" /><line nr="597" mi="0" ci="3" mb="0" cb="0" /><line nr="598" mi="0" ci="1" mb="0" cb="0" /><line nr="614" mi="0" ci="1" mb="0" cb="0" /><line nr="615" mi="0" ci="1" mb="0" cb="0" /><line nr="616" mi="0" ci="1" mb="0" cb="0" /><line nr="626" mi="0" ci="1" mb="0" cb="0" /><line nr="627" mi="0" ci="1" mb="0" cb="0" /><line nr="628" mi="0" ci="1" mb="0" cb="0" /><line nr="640" mi="0" ci="2" mb="0" cb="0" /><line nr="641" mi="0" ci="1" mb="0" cb="0" /><line nr="644" mi="0" ci="2" mb="0" cb="0" /><line nr="646" mi="0" ci="1" mb="0" cb="0" /><line nr="652" mi="0" ci="1" mb="0" cb="0" /><line nr="654" mi="0" ci="1" mb="0" cb="0" /><line nr="678" mi="0" ci="1" mb="0" cb="0" /><line nr="681" mi="0" ci="1" mb="0" cb="0" /><line nr="682" mi="0" ci="1" mb="0" cb="0" /><line nr="707" mi="0" ci="1" mb="0" cb="0" /><line nr="708" mi="0" ci="1" mb="0" cb="0" /><line nr="709" mi="0" ci="1" mb="0" cb="0" /><line nr="710" mi="0" ci="1" mb="0" cb="0" /><line nr="713" mi="0" ci="2" mb="0" cb="0" /><line nr="714" mi="0" ci="2" mb="0" cb="0" /><line nr="717" mi="0" ci="1" mb="0" cb="0" /><line nr="718" mi="0" ci="3" mb="0" cb="0" /><line nr="720" mi="0" ci="1" mb="0" cb="0" /><line nr="721" mi="0" ci="1" mb="0" cb="0" /><line nr="722" mi="0" ci="1" mb="0" cb="0" /><line nr="723" mi="0" ci="1" mb="0" cb="0" /><line nr="724" mi="0" ci="1" mb="0" cb="0" /><line nr="728" mi="0" ci="1" mb="0" cb="0" /><line nr="731" mi="0" ci="1" mb="0" cb="0" /><line nr="732" mi="0" ci="1" mb="0" cb="0" /><line nr="733" mi="0" ci="1" mb="0" cb="0" /><line nr="734" mi="0" ci="1" mb="0" cb="0" /><line nr="735" mi="0" ci="1" mb="0" cb="0" /><line nr="736" mi="0" ci="2" mb="0" cb="0" /><line nr="737" mi="0" ci="2" mb="0" cb="0" /><line nr="738" mi="0" ci="1" mb="0" cb="0" /><line nr="743" mi="0" ci="1" mb="0" cb="0" /><line nr="745" mi="0" ci="1" mb="0" cb="0" /><line nr="746" mi="0" ci="1" mb="0" cb="0" /><line nr="747" mi="0" ci="2" mb="0" cb="0" /><line nr="748" mi="0" ci="1" mb="0" cb="0" /><line nr="749" mi="0" ci="1" mb="0" cb="0" /><line nr="750" mi="0" ci="2" mb="0" cb="0" /><line nr="751" mi="0" ci="1" mb="0" cb="0" /><line nr="753" mi="0" ci="1" mb="0" cb="0" /><line nr="755" mi="0" ci="1" mb="0" cb="0" /><line nr="756" mi="0" ci="1" mb="0" cb="0" /><line nr="757" mi="0" ci="1" mb="0" cb="0" /><line nr="758" mi="0" ci="1" mb="0" cb="0" /><line nr="759" mi="0" ci="2" mb="0" cb="0" /><line nr="760" mi="0" ci="1" mb="0" cb="0" /><line nr="762" mi="0" ci="1" mb="0" cb="0" /><line nr="766" mi="0" ci="1" mb="0" cb="0" /><line nr="767" mi="0" ci="2" mb="0" cb="0" /><line nr="768" mi="0" ci="1" mb="0" cb="0" /><line nr="770" mi="0" ci="1" mb="0" cb="0" /><line nr="789" mi="0" ci="1" mb="0" cb="0" /><line nr="790" mi="0" ci="1" mb="0" cb="0" /><line nr="791" mi="0" ci="1" mb="0" cb="0" /><line nr="792" mi="0" ci="1" mb="0" cb="0" /><line nr="795" mi="0" ci="2" mb="0" cb="0" /><line nr="797" mi="0" ci="2" mb="0" cb="0" /><line nr="800" mi="0" ci="1" mb="0" cb="0" /><line nr="801" mi="0" ci="3" mb="0" cb="0" /><line nr="803" mi="0" ci="1" mb="0" cb="0" /><line nr="804" mi="0" ci="1" mb="0" cb="0" /><line nr="805" mi="0" ci="1" mb="0" cb="0" /><line nr="806" mi="0" ci="1" mb="0" cb="0" /><line nr="810" mi="0" ci="1" mb="0" cb="0" /><line nr="813" mi="0" ci="1" mb="0" cb="0" /><line nr="814" mi="0" ci="1" mb="0" cb="0" /><line nr="815" mi="0" ci="1" mb="0" cb="0" /><line nr="816" mi="0" ci="1" mb="0" cb="0" /><line nr="817" mi="0" ci="1" mb="0" cb="0" /><line nr="818" mi="0" ci="2" mb="0" cb="0" /><line nr="819" mi="0" ci="2" mb="0" cb="0" /><line nr="820" mi="0" ci="1" mb="0" cb="0" /><line nr="827" mi="0" ci="1" mb="0" cb="0" /><line nr="829" mi="0" ci="1" mb="0" cb="0" /><line nr="830" mi="0" ci="1" mb="0" cb="0" /><line nr="831" mi="0" ci="2" mb="0" cb="0" /><line nr="832" mi="0" ci="1" mb="0" cb="0" /><line nr="833" mi="0" ci="1" mb="0" cb="0" /><line nr="834" mi="0" ci="2" mb="0" cb="0" /><line nr="835" mi="0" ci="1" mb="0" cb="0" /><line nr="837" mi="0" ci="1" mb="0" cb="0" /><line nr="839" mi="0" ci="1" mb="0" cb="0" /><line nr="840" mi="0" ci="1" mb="0" cb="0" /><line nr="841" mi="0" ci="1" mb="0" cb="0" /><line nr="842" mi="0" ci="1" mb="0" cb="0" /><line nr="843" mi="0" ci="2" mb="0" cb="0" /><line nr="844" mi="0" ci="1" mb="0" cb="0" /><line nr="846" mi="0" ci="1" mb="0" cb="0" /><line nr="850" mi="0" ci="1" mb="0" cb="0" /><line nr="851" mi="0" ci="2" mb="0" cb="0" /><line nr="852" mi="0" ci="1" mb="0" cb="0" /><line nr="854" mi="0" ci="1" mb="0" cb="0" /><line nr="873" mi="0" ci="1" mb="0" cb="0" /><line nr="874" mi="0" ci="1" mb="0" cb="0" /><line nr="875" mi="0" ci="1" mb="0" cb="0" /><line nr="876" mi="0" ci="1" mb="0" cb="0" /><line nr="879" mi="0" ci="2" mb="0" cb="0" /><line nr="881" mi="0" ci="2" mb="0" cb="0" /><line nr="884" mi="0" ci="1" mb="0" cb="0" /><line nr="885" mi="0" ci="3" mb="0" cb="0" /><line nr="887" mi="0" ci="1" mb="0" cb="0" /><line nr="888" mi="0" ci="1" mb="0" cb="0" /><line nr="889" mi="0" ci="1" mb="0" cb="0" /><line nr="890" mi="0" ci="1" mb="0" cb="0" /><line nr="894" mi="0" ci="1" mb="0" cb="0" /><line nr="897" mi="0" ci="1" mb="0" cb="0" /><line nr="898" mi="0" ci="1" mb="0" cb="0" /><line nr="899" mi="0" ci="1" mb="0" cb="0" /><line nr="900" mi="0" ci="1" mb="0" cb="0" /><line nr="901" mi="0" ci="1" mb="0" cb="0" /><line nr="902" mi="0" ci="2" mb="0" cb="0" /><line nr="903" mi="0" ci="2" mb="0" cb="0" /><line nr="904" mi="0" ci="1" mb="0" cb="0" /><line nr="909" mi="0" ci="1" mb="0" cb="0" /><line nr="911" mi="0" ci="1" mb="0" cb="0" /><line nr="912" mi="0" ci="1" mb="0" cb="0" /><line nr="913" mi="0" ci="2" mb="0" cb="0" /><line nr="914" mi="0" ci="1" mb="0" cb="0" /><line nr="915" mi="0" ci="1" mb="0" cb="0" /><line nr="916" mi="0" ci="2" mb="0" cb="0" /><line nr="917" mi="0" ci="1" mb="0" cb="0" /><line nr="919" mi="0" ci="1" mb="0" cb="0" /><line nr="921" mi="0" ci="1" mb="0" cb="0" /><line nr="922" mi="0" ci="1" mb="0" cb="0" /><line nr="923" mi="0" ci="1" mb="0" cb="0" /><line nr="924" mi="0" ci="1" mb="0" cb="0" /><line nr="925" mi="0" ci="2" mb="0" cb="0" /><line nr="926" mi="0" ci="1" mb="0" cb="0" /><line nr="928" mi="0" ci="1" mb="0" cb="0" /><line nr="932" mi="0" ci="1" mb="0" cb="0" /><line nr="933" mi="0" ci="2" mb="0" cb="0" /><line nr="934" mi="0" ci="1" mb="0" cb="0" /><line nr="936" mi="0" ci="1" mb="0" cb="0" /><line nr="951" mi="0" ci="1" mb="0" cb="0" /><line nr="952" mi="0" ci="3" mb="0" cb="0" /><line nr="954" mi="0" ci="1" mb="0" cb="0" /><line nr="957" mi="0" ci="1" mb="0" cb="0" /><line nr="958" mi="0" ci="1" mb="0" cb="0" /><line nr="959" mi="0" ci="1" mb="0" cb="0" /><line nr="960" mi="0" ci="1" mb="0" cb="0" /><line nr="963" mi="0" ci="1" mb="0" cb="0" /><line nr="964" mi="0" ci="1" mb="0" cb="0" /><line nr="966" mi="0" ci="1" mb="0" cb="0" /><line nr="967" mi="0" ci="3" mb="0" cb="0" /><line nr="970" mi="0" ci="1" mb="0" cb="0" /><line nr="971" mi="0" ci="1" mb="0" cb="0" /><line nr="972" mi="0" ci="2" mb="0" cb="0" /><line nr="973" mi="0" ci="1" mb="0" cb="0" /><line nr="976" mi="0" ci="1" mb="0" cb="0" /><line nr="1007" mi="0" ci="1" mb="0" cb="0" /><line nr="1008" mi="0" ci="3" mb="0" cb="0" /><line nr="1009" mi="0" ci="3" mb="0" cb="0" /><line nr="1010" mi="0" ci="3" mb="0" cb="0" /><line nr="1012" mi="0" ci="1" mb="0" cb="0" /><line nr="1015" mi="0" ci="1" mb="0" cb="0" /><line nr="1016" mi="0" ci="1" mb="0" cb="0" /><line nr="1017" mi="0" ci="1" mb="0" cb="0" /><line nr="1019" mi="0" ci="1" mb="0" cb="0" /><line nr="1022" mi="0" ci="1" mb="0" cb="0" /><line nr="1023" mi="0" ci="1" mb="0" cb="0" /><line nr="1024" mi="0" ci="1" mb="0" cb="0" /><line nr="1025" mi="0" ci="3" mb="0" cb="0" /><line nr="1026" mi="0" ci="1" mb="0" cb="0" /><line nr="1030" mi="0" ci="1" mb="0" cb="0" /><line nr="1031" mi="0" ci="1" mb="0" cb="0" /><line nr="1032" mi="0" ci="2" mb="0" cb="0" /><line nr="1034" mi="0" ci="1" mb="0" cb="0" /><line nr="1035" mi="0" ci="2" mb="0" cb="0" /><line nr="1037" mi="0" ci="1" mb="0" cb="0" /><line nr="1038" mi="0" ci="2" mb="0" cb="0" /><line nr="1040" mi="0" ci="1" mb="0" cb="0" /><line nr="1041" mi="0" ci="2" mb="0" cb="0" /><line nr="1042" mi="0" ci="1" mb="0" cb="0" /><line nr="1043" mi="0" ci="1" mb="0" cb="0" /><line nr="1045" mi="0" ci="3" mb="0" cb="0" /><line nr="1046" mi="0" ci="2" mb="0" cb="0" /><line nr="1047" mi="0" ci="2" mb="0" cb="0" /><line nr="1048" mi="0" ci="2" mb="0" cb="0" /><line nr="1049" mi="0" ci="2" mb="0" cb="0" /><line nr="1054" mi="0" ci="2" mb="0" cb="0" /><line nr="1055" mi="0" ci="2" mb="0" cb="0" /><line nr="1089" mi="0" ci="2" mb="0" cb="0" /><line nr="1090" mi="0" ci="2" mb="0" cb="0" /><line nr="1093" mi="0" ci="1" mb="0" cb="0" /><line nr="1094" mi="0" ci="2" mb="0" cb="0" /><line nr="1097" mi="0" ci="1" mb="0" cb="0" /><line nr="1098" mi="0" ci="1" mb="0" cb="0" /><line nr="1099" mi="0" ci="2" mb="0" cb="0" /><line nr="1100" mi="0" ci="1" mb="0" cb="0" /><line nr="1101" mi="0" ci="1" mb="0" cb="0" /><line nr="1102" mi="0" ci="1" mb="0" cb="0" /><line nr="1104" mi="0" ci="2" mb="0" cb="0" /><line nr="1105" mi="0" ci="2" mb="0" cb="0" /><line nr="1106" mi="0" ci="1" mb="0" cb="0" /><line nr="1110" mi="0" ci="2" mb="0" cb="0" /><line nr="1115" mi="0" ci="1" mb="0" cb="0" /><line nr="1120" mi="0" ci="1" mb="0" cb="0" /><line nr="1121" mi="0" ci="1" mb="0" cb="0" /><line nr="1122" mi="0" ci="1" mb="0" cb="0" /><line nr="1123" mi="0" ci="1" mb="0" cb="0" /><line nr="1124" mi="0" ci="1" mb="0" cb="0" /><line nr="1127" mi="0" ci="2" mb="0" cb="0" /><line nr="1129" mi="0" ci="1" mb="0" cb="0" /><line nr="1132" mi="0" ci="3" mb="0" cb="0" /><line nr="1133" mi="0" ci="2" mb="0" cb="0" /><line nr="1134" mi="0" ci="1" mb="0" cb="0" /><line nr="1135" mi="0" ci="1" mb="0" cb="0" /><line nr="1138" mi="0" ci="1" mb="0" cb="0" /><line nr="1140" mi="0" ci="2" mb="0" cb="0" /><line nr="1141" mi="0" ci="1" mb="0" cb="0" /><line nr="1142" mi="0" ci="1" mb="0" cb="0" /><line nr="1144" mi="0" ci="2" mb="0" cb="0" /><line nr="1145" mi="0" ci="1" mb="0" cb="0" /><line nr="1147" mi="0" ci="1" mb="0" cb="0" /><line nr="1149" mi="0" ci="1" mb="0" cb="0" /><line nr="1150" mi="0" ci="1" mb="0" cb="0" /><line nr="1153" mi="0" ci="1" mb="0" cb="0" /><line nr="1156" mi="0" ci="2" mb="0" cb="0" /><line nr="1157" mi="0" ci="1" mb="0" cb="0" /><counter type="INSTRUCTION" missed="0" covered="599" /><counter type="LINE" missed="0" covered="482" /><counter type="METHOD" missed="0" covered="21" /><counter type="CLASS" missed="0" covered="1" /></sourcefile><counter type="INSTRUCTION" missed="0" covered="849" /><counter type="LINE" missed="0" covered="697" /><counter type="METHOD" missed="0" covered="33" /><counter type="CLASS" missed="0" covered="2" /></package><counter type="INSTRUCTION" missed="0" covered="849" /><counter type="LINE" missed="0" covered="697" /><counter type="METHOD" missed="0" covered="33" /><counter type="CLASS" missed="0" covered="2" /></report>
